<?xml version="1.0" encoding="UTF-8"?>
<!-- Generated by org.testng.reporters.JUnitXMLReporter -->
<testsuite ignored="0" hostname="Mohammed_Arham" failures="0" tests="7" name="TestNgtest" time="9.867" errors="0" timestamp="2025-03-13T16:46:53 EDT">
  <testcase classname="testng.P2Test" name="openapp" time="2.888"/>
  <testcase classname="testng.P2Test" name="logocheck" time="3.093"/>
  <testcase classname="testng.P2Test" name="login" time="3.523"/>
  <testcase classname="testng.P2Test" name="close" time="0.238"/>
  <testcase classname="testng.PT1" name="logout" time="0.006"/>
  <testcase classname="testng.PT1" name="login" time="0.004"/>
  <testcase classname="testng.PT1" name="openapp" time="0.008"/>
</testsuite> <!-- TestNgtest -->
