<?xml version="1.0" encoding="UTF-8"?>
<!-- Generated by org.testng.reporters.JUnitXMLReporter -->
<testsuite ignored="0" hostname="Mohammed_Arham" failures="0" tests="7" name="TestNgtest" time="13.343" errors="0" timestamp="2025-03-26T12:03:34 EDT">
  <testcase classname="testng.P2Test" name="openapp" time="6.311"/>
  <testcase classname="testng.P2Test" name="logocheck" time="3.069"/>
  <testcase classname="testng.P2Test" name="login" time="3.628"/>
  <testcase classname="testng.P2Test" name="close" time="0.244"/>
  <testcase classname="testng.PT1" name="logout" time="0.006"/>
  <testcase classname="testng.PT1" name="login" time="0.003"/>
  <testcase classname="testng.PT1" name="openapp" time="0.003"/>
</testsuite> <!-- TestNgtest -->
