<?xml version="1.0" encoding="UTF-8"?>
<!-- Generated by org.testng.reporters.JUnitXMLReporter -->
<testsuite ignored="0" hostname="Mohammed_Arham" failures="0" tests="3" name="Default test" time="0.094" errors="0" timestamp="2025-03-26T12:01:07 EDT">
  <testcase classname="testng.GroupingTest3" name="addToCart" time="0.014"/>
  <testcase classname="testng.GroupingTest3" name="selectItem" time="0.003"/>
  <testcase classname="testng.GroupingTest3" name="viewCart" time="0.001"/>
</testsuite> <!-- Default test -->
