<?xml version="1.0" encoding="UTF-8"?>
<!-- Generated by org.testng.reporters.JUnitXMLReporter -->
<testsuite ignored="0" hostname="Mohammed_Arham" failures="0" tests="3" name="Default test" time="9.959" errors="0" timestamp="2025-04-08T17:01:42 EDT">
  <testcase classname="testng.ParallelTesting" name="logoTest" time="7.119"/>
  <testcase classname="testng.ParallelTesting" name="titleTest" time="0.016"/>
  <testcase classname="testng.ParallelTesting" name="urlTest" time="0.018"/>
</testsuite> <!-- Default test -->
