<?xml version="1.0" encoding="UTF-8"?>
<!-- Generated by org.testng.reporters.JUnitXMLReporter -->
<testsuite ignored="0" hostname="Mohammed_Arham" failures="0" tests="3" name="chromeTest" time="12.967" errors="0" timestamp="2025-04-08T22:36:26 EDT">
  <testcase classname="testng.ParallelTesting" name="logoTest" time="7.376"/>
  <testcase classname="testng.ParallelTesting" name="titleTest" time="0.038"/>
  <testcase classname="testng.ParallelTesting" name="urlTest" time="0.057"/>
</testsuite> <!-- chromeTest -->
