<?xml version="1.0" encoding="UTF-8"?>
<!-- Generated by org.testng.reporters.JUnitXMLReporter -->
<testsuite ignored="0" hostname="Mohammed_Arham" failures="0" tests="3" name="edgeTest" time="14.253" errors="0" timestamp="2025-04-08T22:36:28 EDT">
  <testcase classname="testng.ParallelTesting" name="logoTest" time="7.058"/>
  <testcase classname="testng.ParallelTesting" name="titleTest" time="0.019"/>
  <testcase classname="testng.ParallelTesting" name="urlTest" time="0.016"/>
</testsuite> <!-- edgeTest -->
