<?xml version="1.0" encoding="UTF-8"?>
<!-- Generated by org.testng.reporters.JUnitXMLReporter -->
<testsuite ignored="0" hostname="Mohammed_Arham" failures="0" tests="3" name="firefoxTest" time="19.055" errors="0" timestamp="2025-04-08T22:36:32 EDT">
  <testcase classname="testng.ParallelTesting" name="logoTest" time="7.088"/>
  <testcase classname="testng.ParallelTesting" name="titleTest" time="0.021"/>
  <testcase classname="testng.ParallelTesting" name="urlTest" time="0.007"/>
</testsuite> <!-- firefoxTest -->
