<?xml version="1.0" encoding="UTF-8"?>
<testng-results ignored="0" total="1" passed="1" failed="0" skipped="0">
  <reporter-output>
  </reporter-output>
  <suite started-at="2025-04-15T16:58:13 EDT" name="pagefactorysuite" finished-at="2025-04-15T16:58:24 EDT" duration-ms="10946">
    <groups>
    </groups>
    <test started-at="2025-04-15T16:58:13 EDT" name="pagefactory test" finished-at="2025-04-15T16:58:24 EDT" duration-ms="10946">
      <class name="pageobjectmodel.LoginTest">
        <test-method is-config="true" signature="setUp()[pri:0, instance:pageobjectmodel.LoginTest@3cd3e762]" started-at="2025-04-15T16:58:13 EDT" name="setUp" finished-at="2025-04-15T16:58:16 EDT" duration-ms="2926" status="PASS">
          <reporter-output>
          </reporter-output>
        </test-method> <!-- setUp -->
        <test-method signature="testLogin()[pri:0, instance:pageobjectmodel.LoginTest@3cd3e762]" started-at="2025-04-15T16:58:16 EDT" name="testLogin" finished-at="2025-04-15T16:58:24 EDT" duration-ms="7812" status="PASS">
          <reporter-output>
          </reporter-output>
        </test-method> <!-- testLogin -->
        <test-method is-config="true" signature="teatDown()[pri:0, instance:pageobjectmodel.LoginTest@3cd3e762]" started-at="2025-04-15T16:58:24 EDT" name="teatDown" finished-at="2025-04-15T16:58:24 EDT" duration-ms="170" status="PASS">
          <reporter-output>
          </reporter-output>
        </test-method> <!-- teatDown -->
      </class> <!-- pageobjectmodel.LoginTest -->
    </test> <!-- pagefactory test -->
  </suite> <!-- pagefactorysuite -->
</testng-results>
