<?xml version="1.0" encoding="UTF-8"?>
<!-- Generated by org.testng.reporters.JUnitXMLReporter -->
<testsuite ignored="0" hostname="Mohammed_Arham" failures="0" tests="9" name="test group" time="0.14" errors="0" timestamp="2025-03-26T16:01:16 EDT">
  <testcase classname="testng.GroupingTest1" name="loginTestEmail" time="0.013"/>
  <testcase classname="testng.GroupingTest1" name="loginTestPhone" time="0.002"/>
  <testcase classname="testng.GroupingTest1" name="loginTest2factor" time="0.007"/>
  <testcase classname="testng.GroupingTest2" name="signnTestEmail" time="0.005"/>
  <testcase classname="testng.GroupingTest2" name="signinTestPhone" time="0.002"/>
  <testcase classname="testng.GroupingTest2" name="signinTestGmail" time="0.003"/>
  <testcase classname="testng.GroupingTest3" name="addToCart" time="0.005"/>
  <testcase classname="testng.GroupingTest3" name="selectItem" time="0.003"/>
  <testcase classname="testng.GroupingTest3" name="viewCart" time="0.002"/>
</testsuite> <!-- test group -->
