<?xml version="1.0" encoding="UTF-8"?>
<!-- Generated by org.testng.reporters.JUnitXMLReporter -->
<testsuite ignored="6" hostname="Mohammed_Arham" failures="0" tests="3" name="test group" time="0.092" errors="0" timestamp="2025-03-26T12:14:19 EDT">
  <testcase classname="testng.GroupingTest3" name="addToCart" time="0.012"/>
  <testcase classname="testng.GroupingTest3" name="selectItem" time="0.003"/>
  <testcase classname="testng.GroupingTest3" name="viewCart" time="0.003"/>
  <testcase classname="testng.GroupingTest1" name="loginTest2factor" time="0.0">
    <ignored/>
  </testcase> <!-- loginTest2factor -->
  <testcase classname="testng.GroupingTest2" name="signnTestEmail" time="0.0">
    <ignored/>
  </testcase> <!-- signnTestEmail -->
  <testcase classname="testng.GroupingTest1" name="loginTestEmail" time="0.0">
    <ignored/>
  </testcase> <!-- loginTestEmail -->
  <testcase classname="testng.GroupingTest2" name="signinTestGmail" time="0.0">
    <ignored/>
  </testcase> <!-- signinTestGmail -->
  <testcase classname="testng.GroupingTest1" name="loginTestPhone" time="0.0">
    <ignored/>
  </testcase> <!-- loginTestPhone -->
  <testcase classname="testng.GroupingTest2" name="signinTestPhone" time="0.0">
    <ignored/>
  </testcase> <!-- signinTestPhone -->
</testsuite> <!-- test group -->
